Starting a Gradle Daemon, 3 incompatible and 2 stopped Daemons could not be reused, use --status for details
> Task :compileJava UP-TO-DATE
> Task :processResources UP-TO-DATE
> Task :classes UP-TO-DATE
> Task :resolveMainClassName UP-TO-DATE

> Task :bootRun

  .   ____          _            __ _ _
 /\\ / ___'_ __ _ _(_)_ __  __ _ \ \ \ \
( ( )\___ | '_ | '_| | '_ \/ _` | \ \ \ \
 \\/  ___)| |_)| | | | | || (_| |  ) ) ) )
  '  |____| .__|_| |_|_| |_\__, | / / / /
 =========|_|==============|___/=/_/_/_/

 :: Spring Boot ::                (v3.4.1)

2026-06-08T16:23:24.723+07:00  INFO 32056 --- [eureka-server] [           main] o.e.eurkeserver.EurkeServerApplication   : Starting EurkeServerApplication using Java 17.0.19 with PID 32056 (E:\microservice-series\EurkeServer\build\classes\java\main started by ksg-usr in E:\microservice-series\EurkeServer)
2026-06-08T16:23:24.739+07:00  INFO 32056 --- [eureka-server] [           main] o.e.eurkeserver.EurkeServerApplication   : No active profile set, falling back to 1 default profile: "default"
2026-06-08T16:23:25.650+07:00  INFO 32056 --- [eureka-server] [           main] o.s.cloud.context.scope.GenericScope     : BeanFactory id=09d9c532-ccb8-3be3-b3f5-f03fe9acc7a4
2026-06-08T16:23:26.080+07:00  INFO 32056 --- [eureka-server] [           main] o.s.b.w.embedded.tomcat.TomcatWebServer  : Tomcat initialized with port 8761 (http)
2026-06-08T16:23:26.096+07:00  INFO 32056 --- [eureka-server] [           main] o.apache.catalina.core.StandardService   : Starting service [Tomcat]
2026-06-08T16:23:26.096+07:00  INFO 32056 --- [eureka-server] [           main] o.apache.catalina.core.StandardEngine    : Starting Servlet engine: [Apache Tomcat/10.1.34]
2026-06-08T16:23:26.244+07:00  INFO 32056 --- [eureka-server] [           main] o.a.c.c.C.[Tomcat].[localhost].[/]       : Initializing Spring embedded WebApplicationContext
2026-06-08T16:23:26.246+07:00  INFO 32056 --- [eureka-server] [           main] w.s.c.ServletWebServerApplicationContext : Root WebApplicationContext: initialization completed in 1449 ms
2026-06-08T16:23:27.309+07:00  INFO 32056 --- [eureka-server] [           main] o.s.v.b.OptionalValidatorFactoryBean     : Failed to set up a Bean Validation provider: jakarta.validation.NoProviderFoundException: Unable to create a Configuration, because no Jakarta Bean Validation provider could be found. Add a provider like Hibernate Validator (RI) to your classpath.
2026-06-08T16:23:28.299+07:00  WARN 32056 --- [eureka-server] [           main] iguration$LoadBalancerCaffeineWarnLogger : Spring Cloud LoadBalancer is currently working with the default cache. While this cache implementation is useful for development and tests, it's recommended to use Caffeine cache in production.You can switch to using Caffeine cache, by adding it and org.springframework.cache.caffeine.CaffeineCacheManager to the classpath.
2026-06-08T16:23:28.315+07:00  INFO 32056 --- [eureka-server] [           main] o.s.c.n.eureka.InstanceInfoFactory       : Setting initial instance status as: STARTING
2026-06-08T16:23:28.586+07:00  INFO 32056 --- [eureka-server] [           main] o.s.b.a.e.web.EndpointLinksResolver      : Exposing 1 endpoint beneath base path '/actuator'
2026-06-08T16:23:28.626+07:00  INFO 32056 --- [eureka-server] [           main] o.s.c.n.e.s.EurekaServiceRegistry        : Registering application EUREKA-SERVER with eureka with status UP
2026-06-08T16:23:28.633+07:00  INFO 32056 --- [eureka-server] [       Thread-9] o.s.c.n.e.server.EurekaServerBootstrap   : isAws returned false
2026-06-08T16:23:28.633+07:00  INFO 32056 --- [eureka-server] [       Thread-9] o.s.c.n.e.server.EurekaServerBootstrap   : Initialized server context
2026-06-08T16:23:28.635+07:00  INFO 32056 --- [eureka-server] [       Thread-9] e.s.EurekaServerInitializerConfiguration : Started Eureka Server
2026-06-08T16:23:28.697+07:00  INFO 32056 --- [eureka-server] [           main] o.s.b.w.embedded.tomcat.TomcatWebServer  : Tomcat started on port 8761 (http) with context path '/'
2026-06-08T16:23:28.697+07:00  INFO 32056 --- [eureka-server] [           main] .s.c.n.e.s.EurekaAutoServiceRegistration : Updating port to 8761
2026-06-08T16:23:28.981+07:00  INFO 32056 --- [eureka-server] [           main] o.e.eurkeserver.EurkeServerApplication   : Started EurkeServerApplication in 4.984 seconds (process running for 5.955)
2026-06-08T16:24:45.656+07:00  INFO 32056 --- [eureka-server] [nio-8761-exec-2] o.a.c.c.C.[Tomcat].[localhost].[/]       : Initializing Spring DispatcherServlet 'dispatcherServlet'
2026-06-08T16:24:45.657+07:00  INFO 32056 --- [eureka-server] [nio-8761-exec-2] o.s.web.servlet.DispatcherServlet        : Initializing Servlet 'dispatcherServlet'
2026-06-08T16:24:45.659+07:00  INFO 32056 --- [eureka-server] [nio-8761-exec-2] o.s.web.servlet.DispatcherServlet        : Completed initialization in 2 ms
