Starting a Gradle Daemon, 1 busy and 2 incompatible and 2 stopped Daemons could not be reused, use --status for details
> Task :compileJava
> Task :processResources UP-TO-DATE
> Task :classes
> Task :resolveMainClassName

> Task :bootRun

  .   ____          _            __ _ _
 /\\ / ___'_ __ _ _(_)_ __  __ _ \ \ \ \
( ( )\___ | '_ | '_| | '_ \/ _` | \ \ \ \
 \\/  ___)| |_)| | | | | || (_| |  ) ) ) )
  '  |____| .__|_| |_|_| |_\__, | / / / /
 =========|_|==============|___/=/_/_/_/

 :: Spring Boot ::                (v3.4.1)

2026-06-08T16:24:45.370+07:00  INFO 27060 --- [service-a] [           main] o.example.servicea.ServiceAApplication   : Starting ServiceAApplication using Java 17.0.19 with PID 27060 (E:\microservice-series\service-a\build\classes\java\main started by ksg-usr in E:\microservice-series\service-a)
2026-06-08T16:24:45.375+07:00  INFO 27060 --- [service-a] [           main] o.example.servicea.ServiceAApplication   : No active profile set, falling back to 1 default profile: "default"
2026-06-08T16:24:46.357+07:00  INFO 27060 --- [service-a] [           main] o.s.cloud.context.scope.GenericScope     : BeanFactory id=ed8d2a27-4e0b-3af7-8b3a-a63631e46879
2026-06-08T16:24:46.833+07:00  INFO 27060 --- [service-a] [           main] o.s.b.w.embedded.tomcat.TomcatWebServer  : Tomcat initialized with port 8081 (http)
2026-06-08T16:24:46.840+07:00  INFO 27060 --- [service-a] [           main] o.apache.catalina.core.StandardService   : Starting service [Tomcat]
2026-06-08T16:24:46.840+07:00  INFO 27060 --- [service-a] [           main] o.apache.catalina.core.StandardEngine    : Starting Servlet engine: [Apache Tomcat/10.1.34]
2026-06-08T16:24:46.975+07:00  INFO 27060 --- [service-a] [           main] o.a.c.c.C.[Tomcat].[localhost].[/]       : Initializing Spring embedded WebApplicationContext
2026-06-08T16:24:46.979+07:00  INFO 27060 --- [service-a] [           main] w.s.c.ServletWebServerApplicationContext : Root WebApplicationContext: initialization completed in 1530 ms
2026-06-08T16:24:47.924+07:00  INFO 27060 --- [service-a] [           main] DiscoveryClientOptionalArgsConfiguration : Eureka HTTP Client uses RestTemplate.
2026-06-08T16:24:47.958+07:00  WARN 27060 --- [service-a] [           main] iguration$LoadBalancerCaffeineWarnLogger : Spring Cloud LoadBalancer is currently working with the default cache. While this cache implementation is useful for development and tests, it's recommended to use Caffeine cache in production.You can switch to using Caffeine cache, by adding it and org.springframework.cache.caffeine.CaffeineCacheManager to the classpath.
2026-06-08T16:24:47.980+07:00  INFO 27060 --- [service-a] [           main] o.s.c.n.eureka.InstanceInfoFactory       : Setting initial instance status as: STARTING
2026-06-08T16:24:48.005+07:00  INFO 27060 --- [service-a] [           main] com.netflix.discovery.DiscoveryClient    : Initializing Eureka in region us-east-1
2026-06-08T16:24:48.009+07:00  INFO 27060 --- [service-a] [           main] c.n.d.s.r.aws.ConfigClusterResolver      : Resolving eureka endpoints via configuration
2026-06-08T16:24:48.019+07:00  INFO 27060 --- [service-a] [           main] com.netflix.discovery.DiscoveryClient    : Disable delta property : false
2026-06-08T16:24:48.019+07:00  INFO 27060 --- [service-a] [           main] com.netflix.discovery.DiscoveryClient    : Single vip registry refresh property : null
2026-06-08T16:24:48.019+07:00  INFO 27060 --- [service-a] [           main] com.netflix.discovery.DiscoveryClient    : Force full registry fetch : false
2026-06-08T16:24:48.019+07:00  INFO 27060 --- [service-a] [           main] com.netflix.discovery.DiscoveryClient    : Application is null : false
2026-06-08T16:24:48.019+07:00  INFO 27060 --- [service-a] [           main] com.netflix.discovery.DiscoveryClient    : Registered Applications size is zero : true
2026-06-08T16:24:48.019+07:00  INFO 27060 --- [service-a] [           main] com.netflix.discovery.DiscoveryClient    : Application version is -1: true
2026-06-08T16:24:48.019+07:00  INFO 27060 --- [service-a] [           main] com.netflix.discovery.DiscoveryClient    : Getting all instance registry info from the eureka server
2026-06-08T16:24:48.414+07:00  INFO 27060 --- [service-a] [           main] com.netflix.discovery.DiscoveryClient    : The response status is 200
2026-06-08T16:24:48.416+07:00  INFO 27060 --- [service-a] [           main] com.netflix.discovery.DiscoveryClient    : Starting heartbeat executor: renew interval is: 30
2026-06-08T16:24:48.418+07:00  INFO 27060 --- [service-a] [           main] c.n.discovery.InstanceInfoReplicator     : InstanceInfoReplicator onDemand update allowed rate per min is 4
2026-06-08T16:24:48.420+07:00  INFO 27060 --- [service-a] [           main] com.netflix.discovery.DiscoveryClient    : Discovery Client initialized at timestamp 1780910688419 with initial instances count: 0
2026-06-08T16:24:48.422+07:00  INFO 27060 --- [service-a] [           main] o.s.c.n.e.s.EurekaServiceRegistry        : Registering application SERVICE-A with eureka with status UP
2026-06-08T16:24:48.423+07:00  INFO 27060 --- [service-a] [           main] com.netflix.discovery.DiscoveryClient    : Saw local status change event StatusChangeEvent [timestamp=1780910688423, current=UP, previous=STARTING]
2026-06-08T16:24:48.425+07:00  INFO 27060 --- [service-a] [foReplicator-%d] com.netflix.discovery.DiscoveryClient    : DiscoveryClient_SERVICE-A/host.docker.internal:service-a:8081: registering service...
2026-06-08T16:24:48.469+07:00  INFO 27060 --- [service-a] [           main] o.s.b.w.embedded.tomcat.TomcatWebServer  : Tomcat started on port 8081 (http) with context path '/'
2026-06-08T16:24:48.470+07:00  INFO 27060 --- [service-a] [           main] .s.c.n.e.s.EurekaAutoServiceRegistration : Updating port to 8081
2026-06-08T16:24:48.472+07:00  INFO 27060 --- [service-a] [foReplicator-%d] com.netflix.discovery.DiscoveryClient    : DiscoveryClient_SERVICE-A/host.docker.internal:service-a:8081 - registration status: 204
2026-06-08T16:24:48.695+07:00  INFO 27060 --- [service-a] [           main] o.example.servicea.ServiceAApplication   : Started ServiceAApplication in 4.388 seconds (process running for 5.513)
2026-06-08T16:25:18.430+07:00  INFO 27060 --- [service-a] [reshExecutor-%d] com.netflix.discovery.DiscoveryClient    : Disable delta property : false
2026-06-08T16:25:18.430+07:00  INFO 27060 --- [service-a] [reshExecutor-%d] com.netflix.discovery.DiscoveryClient    : Single vip registry refresh property : null
2026-06-08T16:25:18.430+07:00  INFO 27060 --- [service-a] [reshExecutor-%d] com.netflix.discovery.DiscoveryClient    : Force full registry fetch : false
2026-06-08T16:25:18.430+07:00  INFO 27060 --- [service-a] [reshExecutor-%d] com.netflix.discovery.DiscoveryClient    : Application is null : false
2026-06-08T16:25:18.430+07:00  INFO 27060 --- [service-a] [reshExecutor-%d] com.netflix.discovery.DiscoveryClient    : Registered Applications size is zero : true
2026-06-08T16:25:18.430+07:00  INFO 27060 --- [service-a] [reshExecutor-%d] com.netflix.discovery.DiscoveryClient    : Application version is -1: false
2026-06-08T16:25:18.430+07:00  INFO 27060 --- [service-a] [reshExecutor-%d] com.netflix.discovery.DiscoveryClient    : Getting all instance registry info from the eureka server
2026-06-08T16:25:18.453+07:00  INFO 27060 --- [service-a] [reshExecutor-%d] com.netflix.discovery.DiscoveryClient    : The response status is 200
2026-06-08T16:26:22.524+07:00  INFO 27060 --- [service-a] [nio-8081-exec-2] o.a.c.c.C.[Tomcat].[localhost].[/]       : Initializing Spring DispatcherServlet 'dispatcherServlet'
2026-06-08T16:26:22.524+07:00  INFO 27060 --- [service-a] [nio-8081-exec-2] o.s.web.servlet.DispatcherServlet        : Initializing Servlet 'dispatcherServlet'
2026-06-08T16:26:22.524+07:00  INFO 27060 --- [service-a] [nio-8081-exec-2] o.s.web.servlet.DispatcherServlet        : Completed initialization in 0 ms
2026-06-08T16:29:48.024+07:00  INFO 27060 --- [service-a] [rap-executor-%d] c.n.d.s.r.aws.ConfigClusterResolver      : Resolving eureka endpoints via configuration
2026-06-08T16:34:48.036+07:00  INFO 27060 --- [service-a] [rap-executor-%d] c.n.d.s.r.aws.ConfigClusterResolver      : Resolving eureka endpoints via configuration
2026-06-08T16:39:48.050+07:00  INFO 27060 --- [service-a] [rap-executor-%d] c.n.d.s.r.aws.ConfigClusterResolver      : Resolving eureka endpoints via configuration
2026-06-08T16:44:48.053+07:00  INFO 27060 --- [service-a] [rap-executor-%d] c.n.d.s.r.aws.ConfigClusterResolver      : Resolving eureka endpoints via configuration
2026-06-08T16:49:48.057+07:00  INFO 27060 --- [service-a] [rap-executor-%d] c.n.d.s.r.aws.ConfigClusterResolver      : Resolving eureka endpoints via configuration
2026-06-08T16:54:48.058+07:00  INFO 27060 --- [service-a] [rap-executor-%d] c.n.d.s.r.aws.ConfigClusterResolver      : Resolving eureka endpoints via configuration
2026-06-08T16:59:48.072+07:00  INFO 27060 --- [service-a] [rap-executor-%d] c.n.d.s.r.aws.ConfigClusterResolver      : Resolving eureka endpoints via configuration
2026-06-08T17:04:48.075+07:00  INFO 27060 --- [service-a] [rap-executor-%d] c.n.d.s.r.aws.ConfigClusterResolver      : Resolving eureka endpoints via configuration
