> Task :compileJava
> Task :processResources UP-TO-DATE
> Task :classes
> Task :resolveMainClassName

> Task :bootRun

  .   ____          _            __ _ _
 /\\ / ___'_ __ _ _(_)_ __  __ _ \ \ \ \
( ( )\___ | '_ | '_| | '_ \/ _` | \ \ \ \
 \\/  ___)| |_)| | | | | || (_| |  ) ) ) )
  '  |____| .__|_| |_|_| |_\__, | / / / /
 =========|_|==============|___/=/_/_/_/

 :: Spring Boot ::                (v3.4.1)

2026-06-08T16:28:19.724+07:00  INFO 34204 --- [serviceb] [           main] o.example.sreviceb.SrevicebApplication   : Starting SrevicebApplication using Java 17.0.19 with PID 34204 (E:\microservice-series\sreviceb\build\classes\java\main started by ksg-usr in E:\microservice-series\sreviceb)
2026-06-08T16:28:19.730+07:00  INFO 34204 --- [serviceb] [           main] o.example.sreviceb.SrevicebApplication   : No active profile set, falling back to 1 default profile: "default"
2026-06-08T16:28:20.821+07:00  INFO 34204 --- [serviceb] [           main] o.s.cloud.context.scope.GenericScope     : BeanFactory id=7a1736dc-6da7-3955-870e-69b7c67eefdc
2026-06-08T16:28:21.271+07:00  INFO 34204 --- [serviceb] [           main] o.s.b.w.embedded.tomcat.TomcatWebServer  : Tomcat initialized with port 8082 (http)
2026-06-08T16:28:21.287+07:00  INFO 34204 --- [serviceb] [           main] o.apache.catalina.core.StandardService   : Starting service [Tomcat]
2026-06-08T16:28:21.287+07:00  INFO 34204 --- [serviceb] [           main] o.apache.catalina.core.StandardEngine    : Starting Servlet engine: [Apache Tomcat/10.1.34]
2026-06-08T16:28:21.413+07:00  INFO 34204 --- [serviceb] [           main] o.a.c.c.C.[Tomcat].[localhost].[/]       : Initializing Spring embedded WebApplicationContext
2026-06-08T16:28:21.413+07:00  INFO 34204 --- [serviceb] [           main] w.s.c.ServletWebServerApplicationContext : Root WebApplicationContext: initialization completed in 1607 ms
2026-06-08T16:28:22.449+07:00  INFO 34204 --- [serviceb] [           main] DiscoveryClientOptionalArgsConfiguration : Eureka HTTP Client uses RestTemplate.
2026-06-08T16:28:22.483+07:00  WARN 34204 --- [serviceb] [           main] iguration$LoadBalancerCaffeineWarnLogger : Spring Cloud LoadBalancer is currently working with the default cache. While this cache implementation is useful for development and tests, it's recommended to use Caffeine cache in production.You can switch to using Caffeine cache, by adding it and org.springframework.cache.caffeine.CaffeineCacheManager to the classpath.
2026-06-08T16:28:22.512+07:00  INFO 34204 --- [serviceb] [           main] o.s.c.n.eureka.InstanceInfoFactory       : Setting initial instance status as: STARTING
2026-06-08T16:28:22.534+07:00  INFO 34204 --- [serviceb] [           main] com.netflix.discovery.DiscoveryClient    : Initializing Eureka in region us-east-1
2026-06-08T16:28:22.534+07:00  INFO 34204 --- [serviceb] [           main] c.n.d.s.r.aws.ConfigClusterResolver      : Resolving eureka endpoints via configuration
2026-06-08T16:28:22.544+07:00  INFO 34204 --- [serviceb] [           main] com.netflix.discovery.DiscoveryClient    : Disable delta property : false
2026-06-08T16:28:22.544+07:00  INFO 34204 --- [serviceb] [           main] com.netflix.discovery.DiscoveryClient    : Single vip registry refresh property : null
2026-06-08T16:28:22.544+07:00  INFO 34204 --- [serviceb] [           main] com.netflix.discovery.DiscoveryClient    : Force full registry fetch : false
2026-06-08T16:28:22.544+07:00  INFO 34204 --- [serviceb] [           main] com.netflix.discovery.DiscoveryClient    : Application is null : false
2026-06-08T16:28:22.544+07:00  INFO 34204 --- [serviceb] [           main] com.netflix.discovery.DiscoveryClient    : Registered Applications size is zero : true
2026-06-08T16:28:22.544+07:00  INFO 34204 --- [serviceb] [           main] com.netflix.discovery.DiscoveryClient    : Application version is -1: true
2026-06-08T16:28:22.544+07:00  INFO 34204 --- [serviceb] [           main] com.netflix.discovery.DiscoveryClient    : Getting all instance registry info from the eureka server
2026-06-08T16:28:22.760+07:00  INFO 34204 --- [serviceb] [           main] com.netflix.discovery.DiscoveryClient    : The response status is 200
2026-06-08T16:28:22.760+07:00  INFO 34204 --- [serviceb] [           main] com.netflix.discovery.DiscoveryClient    : Starting heartbeat executor: renew interval is: 30
2026-06-08T16:28:22.771+07:00  INFO 34204 --- [serviceb] [           main] c.n.discovery.InstanceInfoReplicator     : InstanceInfoReplicator onDemand update allowed rate per min is 4
2026-06-08T16:28:22.771+07:00  INFO 34204 --- [serviceb] [           main] com.netflix.discovery.DiscoveryClient    : Discovery Client initialized at timestamp 1780910902771 with initial instances count: 2
2026-06-08T16:28:22.771+07:00  INFO 34204 --- [serviceb] [           main] o.s.c.n.e.s.EurekaServiceRegistry        : Registering application SERVICEB with eureka with status UP
2026-06-08T16:28:22.771+07:00  INFO 34204 --- [serviceb] [           main] com.netflix.discovery.DiscoveryClient    : Saw local status change event StatusChangeEvent [timestamp=1780910902771, current=UP, previous=STARTING]
2026-06-08T16:28:22.771+07:00  INFO 34204 --- [serviceb] [foReplicator-%d] com.netflix.discovery.DiscoveryClient    : DiscoveryClient_SERVICEB/host.docker.internal:serviceb:8082: registering service...
2026-06-08T16:28:22.811+07:00  INFO 34204 --- [serviceb] [foReplicator-%d] com.netflix.discovery.DiscoveryClient    : DiscoveryClient_SERVICEB/host.docker.internal:serviceb:8082 - registration status: 204
2026-06-08T16:28:22.811+07:00  INFO 34204 --- [serviceb] [           main] o.s.b.w.embedded.tomcat.TomcatWebServer  : Tomcat started on port 8082 (http) with context path '/'
2026-06-08T16:28:22.811+07:00  INFO 34204 --- [serviceb] [           main] .s.c.n.e.s.EurekaAutoServiceRegistration : Updating port to 8082
2026-06-08T16:28:23.049+07:00  INFO 34204 --- [serviceb] [           main] o.example.sreviceb.SrevicebApplication   : Started SrevicebApplication in 4.318 seconds (process running for 5.161)
2026-06-08T16:29:19.905+07:00  INFO 34204 --- [serviceb] [nio-8082-exec-2] o.a.c.c.C.[Tomcat].[localhost].[/]       : Initializing Spring DispatcherServlet 'dispatcherServlet'
2026-06-08T16:29:19.905+07:00  INFO 34204 --- [serviceb] [nio-8082-exec-2] o.s.web.servlet.DispatcherServlet        : Initializing Servlet 'dispatcherServlet'
2026-06-08T16:29:19.905+07:00  INFO 34204 --- [serviceb] [nio-8082-exec-2] o.s.web.servlet.DispatcherServlet        : Completed initialization in 0 ms
2026-06-08T16:33:22.551+07:00  INFO 34204 --- [serviceb] [rap-executor-%d] c.n.d.s.r.aws.ConfigClusterResolver      : Resolving eureka endpoints via configuration
2026-06-08T16:38:22.556+07:00  INFO 34204 --- [serviceb] [rap-executor-%d] c.n.d.s.r.aws.ConfigClusterResolver      : Resolving eureka endpoints via configuration
2026-06-08T16:43:22.558+07:00  INFO 34204 --- [serviceb] [rap-executor-%d] c.n.d.s.r.aws.ConfigClusterResolver      : Resolving eureka endpoints via configuration
2026-06-08T16:48:22.560+07:00  INFO 34204 --- [serviceb] [rap-executor-%d] c.n.d.s.r.aws.ConfigClusterResolver      : Resolving eureka endpoints via configuration
2026-06-08T16:53:22.578+07:00  INFO 34204 --- [serviceb] [rap-executor-%d] c.n.d.s.r.aws.ConfigClusterResolver      : Resolving eureka endpoints via configuration
2026-06-08T16:58:22.592+07:00  INFO 34204 --- [serviceb] [rap-executor-%d] c.n.d.s.r.aws.ConfigClusterResolver      : Resolving eureka endpoints via configuration
2026-06-08T17:03:22.605+07:00  INFO 34204 --- [serviceb] [rap-executor-%d] c.n.d.s.r.aws.ConfigClusterResolver      : Resolving eureka endpoints via configuration
